{
  "RSpec": {
    "coverage": {
      "/media/tanveer/Windows1/Users/Tanveer/RubymineProjects/PluFund/lib/payment_engines.rb": [
        1,
        1,
        null,
        1,
        8,
        null,
        null,
        1,
        8,
        null,
        null,
        1,
        6,
        null,
        null,
        1,
        1,
        null,
        null,
        1,
        5,
        null,
        null,
        1,
        1,
        null,
        null
      ],
      "/media/tanveer/Windows1/Users/Tanveer/RubymineProjects/PluFund/app/models/configuration.rb": [
        1,
        1,
        1,
        null,
        null,
        null,
        null,
        null,
        null,
        1,
        669,
        668,
        null,
        3,
        null,
        null,
        1,
        2125,
        null,
        1,
        null,
        1,
        1122,
        null,
        null,
        1,
        2125,
        2125,
        null,
        2087,
        null,
        2125,
        null,
        null,
        null,
        null
      ],
      "/media/tanveer/Windows1/Users/Tanveer/RubymineProjects/PluFund/app/controllers/omniauth_callbacks_controller.rb": [
        1,
        1,
        null,
        1,
        12,
        11,
        10,
        10,
        6,
        6,
        null,
        null,
        10,
        10,
        10,
        10,
        null,
        null,
        null,
        null
      ],
      "/media/tanveer/Windows1/Users/Tanveer/RubymineProjects/PluFund/app/controllers/application_controller.rb": [
        null,
        1,
        1,
        1,
        1,
        null,
        1,
        1,
        null,
        1,
        1,
        null,
        1,
        null,
        1,
        1,
        null,
        1,
        null,
        1,
        144,
        null,
        null,
        1,
        9,
        null,
        null,
        1,
        1,
        174,
        null,
        null,
        1,
        10,
        null,
        null,
        1,
        46,
        46,
        10,
        null,
        null,
        1,
        165,
        149,
        149,
        16,
        6,
        6,
        null,
        null,
        null,
        1,
        43,
        null,
        null,
        1,
        0,
        0,
        null,
        null,
        1,
        4,
        4,
        4,
        null,
        null,
        1,
        150,
        null,
        null,
        1,
        160,
        26,
        null,
        null,
        null,
        1,
        20,
        0,
        null,
        null,
        null,
        1,
        300,
        null,
        null
      ],
      "/media/tanveer/Windows1/Users/Tanveer/RubymineProjects/PluFund/app/controllers/concerns/exception_handler.rb": [
        1,
        1,
        1,
        null,
        1,
        1,
        1,
        1,
        null,
        1,
        40,
        40,
        null,
        40,
        22,
        null,
        0,
        null,
        18,
        null,
        null,
        null,
        null,
        1,
        1,
        1,
        2,
        1,
        null,
        null,
        null,
        null,
        null
      ],
      "/media/tanveer/Windows1/Users/Tanveer/RubymineProjects/PluFund/app/controllers/concerns/menu_handler.rb": [
        1,
        1,
        1,
        null,
        1,
        1,
        1,
        null,
        1,
        3,
        null,
        null,
        1,
        3,
        null,
        null,
        1,
        0,
        0,
        0,
        null,
        null,
        null,
        null,
        null,
        null
      ],
      "/media/tanveer/Windows1/Users/Tanveer/RubymineProjects/PluFund/app/controllers/concerns/social_helpers_handler.rb": [
        1,
        1,
        1,
        1,
        null,
        null,
        null,
        1,
        1,
        null,
        1,
        180,
        null,
        null,
        null,
        1,
        8,
        null,
        null,
        1,
        1,
        null,
        0,
        null,
        1,
        null,
        null,
        null,
        1,
        0,
        null,
        null,
        1,
        0,
        null,
        null,
        1,
        0,
        null,
        null,
        1,
        0,
        0,
        null,
        null,
        null,
        null,
        null,
        null,
        null,
        null
      ],
      "/media/tanveer/Windows1/Users/Tanveer/RubymineProjects/PluFund/lib/uservoice_sso.rb": [
        1,
        1,
        1,
        1,
        null,
        1,
        1,
        1,
        null,
        1,
        0,
        null,
        0,
        0,
        0,
        null,
        0,
        null,
        null,
        null
      ],
      "/media/tanveer/Windows1/Users/Tanveer/RubymineProjects/PluFund/app/models/oauth_provider.rb": [
        1,
        null,
        null,
        null,
        1,
        null
      ],
      "/media/tanveer/Windows1/Users/Tanveer/RubymineProjects/PluFund/app/observers/backer_observer.rb": [
        1,
        1,
        null,
        1,
        301,
        298,
        null,
        null,
        1,
        945,
        945,
        null,
        null,
        1,
        942,
        10,
        null,
        null,
        null,
        null,
        null,
        null,
        null,
        null,
        1,
        0,
        null,
        null,
        1,
        2,
        2,
        1,
        null,
        null,
        null,
        null,
        null,
        null,
        null,
        null,
        1,
        1,
        5,
        5,
        null,
        null,
        null,
        null,
        null,
        null,
        null,
        5,
        0,
        null,
        null,
        null,
        null,
        null,
        null,
        null,
        null,
        null,
        1,
        1,
        null,
        null,
        null,
        null,
        null,
        null,
        null,
        null,
        null
      ],
      "/media/tanveer/Windows1/Users/Tanveer/RubymineProjects/PluFund/app/models/backer.rb": [
        null,
        1,
        1,
        null,
        1,
        1,
        1,
        null,
        1,
        null,
        1,
        1,
        null,
        1,
        3,
        1,
        1,
        1,
        1,
        1,
        5,
        1,
        1,
        1,
        1,
        5,
        null,
        4,
        null,
        null,
        4,
        null,
        1,
        null,
        1,
        1,
        1,
        null,
        null,
        1,
        6,
        null,
        null,
        1,
        2,
        null,
        null,
        1,
        0,
        null,
        null,
        1,
        0,
        0,
        null,
        null,
        1,
        4,
        null,
        null,
        1,
        0,
        null,
        null,
        1,
        8,
        8,
        8,
        8,
        8,
        8,
        8,
        8,
        null,
        null,
        1,
        1,
        null,
        null,
        null,
        null,
        null,
        null,
        null,
        null,
        null,
        null,
        null,
        null,
        1,
        0,
        null,
        null,
        null,
        null,
        1,
        301,
        null,
        null,
        1,
        298,
        null,
        null
      ],
      "/media/tanveer/Windows1/Users/Tanveer/RubymineProjects/PluFund/app/models/concerns/shared/state_machine_helpers.rb": [
        1,
        1,
        1,
        1,
        null,
        1,
        2,
        null,
        8,
        1,
        null,
        null,
        null,
        null
      ],
      "/media/tanveer/Windows1/Users/Tanveer/RubymineProjects/PluFund/app/models/concerns/backer/state_machine_handler.rb": [
        1,
        1,
        null,
        1,
        1,
        1,
        1,
        1,
        1,
        1,
        1,
        1,
        1,
        null,
        1,
        1,
        null,
        null,
        1,
        1,
        null,
        null,
        1,
        1,
        null,
        null,
        1,
        1,
        null,
        null,
        1,
        1,
        null,
        null,
        1,
        1,
        7,
        null,
        null,
        null,
        1,
        1,
        null,
        null,
        1,
        1,
        null,
        null,
        1,
        1,
        null,
        null,
        1,
        2,
        null,
        null,
        1,
        3,
        null,
        null,
        null
      ],
      "/media/tanveer/Windows1/Users/Tanveer/RubymineProjects/PluFund/app/models/concerns/backer/custom_validators.rb": [
        1,
        1,
        null,
        1,
        1,
        1,
        1,
        1,
        null,
        1,
        960,
        104,
        null,
        null,
        1,
        960,
        104,
        null,
        null,
        1,
        318,
        14,
        null,
        null,
        1,
        318,
        4,
        null,
        null,
        null,
        null
      ],
      "/media/tanveer/Windows1/Users/Tanveer/RubymineProjects/PluFund/app/observers/user_observer.rb": [
        1,
        1,
        null,
        1,
        1048,
        null,
        null,
        1,
        2,
        null,
        null,
        1,
        1066,
        1066,
        null,
        null
      ],
      "/media/tanveer/Windows1/Users/Tanveer/RubymineProjects/PluFund/app/models/user.rb": [
        null,
        1,
        null,
        null,
        null,
        1,
        null,
        1,
        null,
        1,
        null,
        0,
        null,
        null,
        1066,
        1066,
        0,
        null,
        null,
        0,
        null,
        null,
        1,
        null,
        null,
        null,
        1,
        null,
        null,
        null,
        null,
        1,
        null,
        1,
        null,
        1,
        1,
        1,
        null,
        1,
        1,
        1,
        null,
        1,
        1,
        1,
        1,
        1,
        null,
        null,
        null,
        1,
        null,
        1,
        null,
        1,
        1,
        null,
        null,
        null,
        null,
        null,
        1,
        30,
        null,
        null,
        1,
        29,
        null,
        null,
        null,
        null,
        null,
        1,
        null,
        29,
        null,
        null,
        2,
        1,
        1,
        null,
        null,
        null,
        null,
        null,
        2,
        2,
        2,
        5,
        1,
        2,
        null,
        2,
        null,
        1,
        0,
        0,
        null,
        null,
        null,
        null,
        null,
        null,
        null,
        1,
        null,
        null,
        null,
        null,
        null,
        null,
        null,
        null,
        null,
        20,
        null,
        null,
        1,
        2,
        2,
        null,
        null,
        1,
        235,
        null,
        null,
        1,
        48,
        null,
        null,
        1,
        5,
        null,
        null,
        1,
        12,
        12,
        null,
        null,
        1,
        72,
        72,
        null,
        null,
        1,
        8,
        null,
        null,
        null,
        null,
        8,
        null,
        null,
        null,
        null,
        null,
        null,
        1,
        0,
        null,
        null,
        1,
        4,
        null,
        null,
        1,
        3,
        2,
        null,
        null,
        null,
        1,
        4,
        null,
        null,
        1,
        1066,
        null,
        null,
        1,
        1066,
        4,
        null,
        null,
        null,
        1,
        1048,
        null,
        null,
        1,
        1048,
        null,
        null,
        null
      ],
      "/media/tanveer/Windows1/Users/Tanveer/RubymineProjects/PluFund/app/uploaders/user_uploader.rb": [
        null,
        null,
        1,
        null,
        1,
        null,
        1,
        1,
        1,
        null,
        null,
        null
      ],
      "/media/tanveer/Windows1/Users/Tanveer/RubymineProjects/PluFund/app/uploaders/image_uploader.rb": [
        null,
        null,
        1,
        1,
        null,
        1,
        62,
        null,
        null,
        1,
        3,
        null,
        null,
        1,
        null,
        1,
        9,
        null,
        null,
        1,
        65,
        null,
        null,
        null
      ],
      "/media/tanveer/Windows1/Users/Tanveer/RubymineProjects/PluFund/app/observers/update_observer.rb": [
        1,
        1,
        null,
        1,
        29,
        null,
        null
      ],
      "/media/tanveer/Windows1/Users/Tanveer/RubymineProjects/PluFund/app/models/update.rb": [
        1,
        1,
        null,
        1,
        1,
        1,
        null,
        30,
        null,
        1,
        null,
        1,
        8,
        null,
        8,
        null,
        6,
        null,
        null,
        null,
        null,
        null,
        null,
        null,
        1,
        1,
        null,
        null,
        1,
        1,
        1,
        null,
        null,
        null,
        null,
        null,
        1,
        1,
        1,
        null,
        null,
        null,
        1,
        29,
        2,
        null,
        null,
        null,
        null,
        null,
        null,
        null,
        null,
        null,
        null,
        null,
        null,
        null,
        null
      ],
      "/media/tanveer/Windows1/Users/Tanveer/RubymineProjects/PluFund/lib/catarse_auto_html.rb": [
        1,
        1,
        1,
        1,
        1,
        null,
        null,
        null,
        1,
        3,
        898,
        null,
        null,
        null,
        null,
        898,
        898,
        898,
        898,
        898,
        null,
        null,
        null
      ],
      "/media/tanveer/Windows1/Users/Tanveer/RubymineProjects/PluFund/app/observers/project_observer.rb": [
        1,
        1,
        null,
        1,
        865,
        551,
        null,
        null,
        null,
        1,
        0,
        null,
        null,
        1,
        9,
        1,
        null,
        null,
        null,
        null,
        null,
        null,
        null,
        null,
        null,
        null,
        null,
        null,
        8,
        null,
        7,
        null,
        null,
        1,
        2,
        null,
        null,
        null,
        null,
        null,
        null,
        null,
        null,
        null,
        null,
        1,
        3,
        null,
        null,
        null,
        null,
        null,
        null,
        null,
        null,
        1,
        1,
        null,
        null,
        1,
        3,
        0,
        null,
        null,
        null,
        null,
        null,
        null,
        null,
        null,
        null,
        null,
        1,
        3,
        null,
        null,
        1,
        6,
        4,
        null,
        null,
        1,
        6,
        null,
        6,
        0,
        null,
        null,
        null,
        null,
        null,
        null,
        null,
        6,
        null,
        null,
        null,
        null,
        null,
        null,
        null,
        null,
        null,
        null,
        1,
        2,
        2,
        null,
        null,
        1,
        7,
        5,
        5,
        5,
        null,
        null,
        null,
        null,
        null,
        5,
        null,
        null,
        null,
        null,
        1,
        6,
        6,
        6,
        null,
        6,
        1,
        null,
        null,
        6,
        5,
        null,
        0,
        0,
        null,
        null,
        null,
        1,
        null,
        1,
        17,
        null,
        null,
        null,
        null,
        null,
        null,
        null,
        null,
        null,
        null,
        null,
        null
      ],
      "/media/tanveer/Windows1/Users/Tanveer/RubymineProjects/PluFund/app/models/project.rb": [
        null,
        1,
        1,
        null,
        1,
        null,
        1,
        1,
        null,
        1,
        1,
        1,
        1,
        null,
        1,
        null,
        1,
        null,
        null,
        null,
        1,
        1,
        1,
        1,
        null,
        1,
        null,
        1,
        null,
        null,
        null,
        null,
        null,
        null,
        null,
        null,
        null,
        3,
        1,
        null,
        2,
        1,
        1,
        1,
        1,
        1,
        1,
        8,
        1,
        1,
        1,
        5,
        2,
        9,
        1,
        3,
        3,
        10,
        3,
        3,
        2,
        10,
        null,
        null,
        null,
        null,
        null,
        null,
        1,
        0,
        null,
        null,
        null,
        null,
        null,
        null,
        null,
        null,
        1,
        5,
        null,
        null,
        1,
        8,
        null,
        null,
        1,
        3,
        null,
        null,
        1,
        null,
        1,
        null,
        870,
        1,
        1,
        1,
        1,
        1,
        1,
        null,
        1,
        4,
        2,
        null,
        null,
        null,
        1,
        1,
        null,
        null,
        1,
        1,
        0,
        null,
        null,
        1,
        29,
        null,
        null,
        1,
        169,
        null,
        null,
        1,
        176,
        null,
        null,
        1,
        1006,
        null,
        null,
        1,
        14,
        null,
        null,
        1,
        2,
        null,
        null,
        1,
        4,
        null,
        null,
        1,
        961,
        null,
        null,
        1,
        24,
        null,
        null,
        1,
        6,
        null,
        null,
        1,
        20,
        18,
        null,
        null,
        1,
        9,
        null,
        null,
        1,
        10,
        null,
        null,
        1,
        11,
        11,
        null,
        null,
        1,
        82,
        null,
        null,
        1,
        20,
        null,
        null,
        1,
        10,
        null,
        null,
        1,
        1,
        2,
        2,
        null,
        null,
        1,
        868,
        111104,
        null,
        868,
        null,
        null
      ],
      "/media/tanveer/Windows1/Users/Tanveer/RubymineProjects/PluFund/app/models/concerns/project/state_machine_handler.rb": [
        1,
        1,
        null,
        1,
        null,
        1,
        1,
        1,
        1,
        1,
        1,
        1,
        1,
        1,
        null,
        1,
        1,
        null,
        null,
        1,
        1,
        null,
        null,
        1,
        1,
        null,
        null,
        1,
        1,
        null,
        null,
        1,
        1,
        null,
        null,
        1,
        1,
        6,
        null,
        null,
        1,
        2,
        null,
        null,
        1,
        6,
        null,
        null,
        1,
        3,
        null,
        null,
        1,
        1,
        null,
        null,
        null,
        1,
        35,
        null,
        null,
        1,
        6,
        null,
        null,
        1,
        2,
        null,
        null,
        null,
        null,
        null
      ],
      "/media/tanveer/Windows1/Users/Tanveer/RubymineProjects/PluFund/app/models/concerns/project/video_handler.rb": [
        1,
        1,
        null,
        1,
        1,
        null,
        1,
        null,
        1,
        475,
        null,
        null,
        1,
        0,
        0,
        null,
        0,
        null,
        null,
        1,
        202,
        202,
        null,
        null,
        1,
        202,
        null,
        null,
        null
      ],
      "/media/tanveer/Windows1/Users/Tanveer/RubymineProjects/PluFund/app/uploaders/project_uploader.rb": [
        null,
        null,
        1,
        null,
        1,
        1,
        1,
        null,
        1,
        33,
        null,
        null,
        1,
        1,
        1,
        null,
        null,
        1,
        1,
        1,
        null,
        null,
        null,
        1,
        1,
        1,
        null,
        null,
        null
      ],
      "/media/tanveer/Windows1/Users/Tanveer/RubymineProjects/PluFund/app/models/concerns/project/custom_validators.rb": [
        1,
        1,
        null,
        1,
        1,
        null,
        1,
        868,
        null,
        null,
        1,
        866,
        null,
        null,
        null
      ],
      "/media/tanveer/Windows1/Users/Tanveer/RubymineProjects/PluFund/app/observers/payment_notification_observer.rb": [
        1,
        1,
        null,
        1,
        12,
        7,
        1,
        null,
        null,
        null,
        null,
        null,
        null,
        null,
        null,
        null
      ],
      "/media/tanveer/Windows1/Users/Tanveer/RubymineProjects/PluFund/app/models/payment_notification.rb": [
        1,
        1,
        1,
        null
      ],
      "/media/tanveer/Windows1/Users/Tanveer/RubymineProjects/PluFund/app/controllers/admin/backers_controller.rb": [
        1,
        1,
        1,
        1,
        1,
        null,
        1,
        1,
        6,
        6,
        6,
        6,
        null,
        null,
        null,
        1,
        null,
        1,
        0,
        0,
        0,
        null,
        null,
        1,
        1,
        9,
        null,
        null,
        1,
        3,
        null,
        null
      ],
      "/media/tanveer/Windows1/Users/Tanveer/RubymineProjects/PluFund/app/controllers/admin/base_controller.rb": [
        1,
        1,
        1,
        13,
        null,
        null,
        1,
        0,
        0,
        0,
        null,
        0,
        0,
        null,
        null,
        null,
        null
      ],
      "/media/tanveer/Windows1/Users/Tanveer/RubymineProjects/PluFund/app/controllers/admin/users_controller.rb": [
        1,
        1,
        1,
        1,
        1,
        null,
        1,
        null,
        1,
        1,
        1,
        1,
        1,
        1,
        1,
        null,
        null,
        1,
        1,
        null,
        null,
        1,
        1,
        null,
        null,
        null
      ],
      "/media/tanveer/Windows1/Users/Tanveer/RubymineProjects/PluFund/app/controllers/channels/admin/reports/subscriber_reports_controller.rb": [
        1,
        1,
        1,
        1,
        null,
        null
      ],
      "/media/tanveer/Windows1/Users/Tanveer/RubymineProjects/PluFund/app/controllers/admin/reports/base_controller.rb": [
        1,
        1,
        1,
        1,
        1,
        null
      ],
      "/media/tanveer/Windows1/Users/Tanveer/RubymineProjects/PluFund/app/models/subscriber_report.rb": [
        1,
        1,
        1,
        null
      ],
      "/media/tanveer/Windows1/Users/Tanveer/RubymineProjects/PluFund/app/controllers/channels/base_controller.rb": [
        1,
        1,
        1,
        5,
        null,
        null
      ],
      "/media/tanveer/Windows1/Users/Tanveer/RubymineProjects/PluFund/app/controllers/channels/channels_subscribers_controller.rb": [
        1,
        1,
        1,
        1,
        null,
        null,
        1,
        2,
        1,
        1,
        1,
        1,
        null,
        null,
        null,
        1,
        null,
        null,
        1,
        1,
        1,
        1,
        null,
        null,
        null,
        1,
        3,
        null,
        null,
        1,
        1,
        4,
        null,
        null,
        null
      ],
      "/media/tanveer/Windows1/Users/Tanveer/RubymineProjects/PluFund/app/models/channels_subscriber.rb": [
        1,
        1,
        1,
        1,
        null
      ],
      "/media/tanveer/Windows1/Users/Tanveer/RubymineProjects/PluFund/app/controllers/channels/profiles_controller.rb": [
        1,
        1,
        1,
        1,
        1,
        1,
        null,
        1,
        0,
        null,
        null,
        1,
        1,
        null,
        null
      ],
      "/media/tanveer/Windows1/Users/Tanveer/RubymineProjects/PluFund/app/controllers/projects/backers_controller.rb": [
        1,
        1,
        1,
        1,
        1,
        1,
        1,
        1,
        1,
        1,
        1,
        null,
        1,
        1,
        1,
        1,
        null,
        null,
        1,
        1,
        null,
        null,
        1,
        2,
        null,
        null,
        1,
        8,
        1,
        1,
        null,
        null,
        7,
        null,
        null,
        null,
        7,
        7,
        7,
        7,
        null,
        null,
        7,
        0,
        0,
        null,
        null,
        null,
        1,
        3,
        3,
        3,
        3,
        3,
        2,
        2,
        null,
        3,
        1,
        1,
        1,
        1,
        null,
        null,
        0,
        null,
        null,
        1,
        6,
        3,
        3,
        null,
        null,
        3,
        3,
        3,
        null,
        3,
        3,
        null,
        null,
        1,
        1,
        1,
        null,
        null
      ],
      "/media/tanveer/Windows1/Users/Tanveer/RubymineProjects/PluFund/app/controllers/projects/updates_controller.rb": [
        1,
        1,
        1,
        null,
        1,
        1,
        null,
        1,
        0,
        null,
        null,
        1,
        3,
        null,
        null,
        1,
        2,
        2,
        null,
        null,
        1,
        4,
        null,
        null,
        1,
        3,
        null,
        null
      ],
      "/media/tanveer/Windows1/Users/Tanveer/RubymineProjects/PluFund/app/controllers/projects_controller.rb": [
        null,
        1,
        1,
        1,
        1,
        1,
        null,
        1,
        1,
        null,
        1,
        9,
        9,
        9,
        2,
        2,
        null,
        7,
        7,
        0,
        null,
        7,
        null,
        null,
        7,
        7,
        7,
        7,
        null,
        null,
        null,
        null,
        null,
        1,
        2,
        2,
        2,
        null,
        null,
        null,
        1,
        2,
        null,
        4,
        null,
        null,
        1,
        1,
        0,
        0,
        null,
        null,
        1,
        10,
        null,
        null,
        1,
        6,
        6,
        6,
        6,
        null,
        null,
        1,
        3,
        3,
        null,
        1,
        null,
        null,
        1,
        2,
        1,
        1,
        null,
        null,
        null,
        1,
        1,
        1,
        null,
        null,
        1,
        null,
        1,
        41,
        null,
        null
      ],
      "/media/tanveer/Windows1/Users/Tanveer/RubymineProjects/PluFund/app/controllers/rewards_controller.rb": [
        1,
        1,
        1,
        1,
        1,
        null,
        1,
        5,
        null,
        null,
        1,
        0,
        null,
        null,
        1,
        0,
        null,
        null,
        1,
        8,
        null,
        null,
        1,
        4,
        null,
        null,
        1,
        4,
        null,
        null,
        1,
        0,
        null,
        0,
        null,
        null
      ],
      "/media/tanveer/Windows1/Users/Tanveer/RubymineProjects/PluFund/app/models/reward.rb": [
        null,
        1,
        1,
        1,
        null,
        1,
        1,
        null,
        1,
        1,
        null,
        1,
        1,
        1,
        9,
        5,
        null,
        1,
        null,
        1,
        12,
        null,
        null,
        1,
        2,
        null,
        null,
        1,
        25,
        null,
        null,
        1,
        17,
        null,
        null,
        1,
        0,
        0,
        null,
        null
      ],
      "/media/tanveer/Windows1/Users/Tanveer/RubymineProjects/PluFund/app/controllers/static_controller.rb": [
        1,
        1,
        3,
        null,
        null,
        1,
        0,
        null,
        null,
        1,
        0,
        null,
        null,
        1,
        1,
        1,
        null,
        null,
        1,
        null,
        1,
        1,
        1,
        1,
        null,
        null,
        null
      ],
      "/media/tanveer/Windows1/Users/Tanveer/RubymineProjects/PluFund/app/controllers/unsubscribes_controller.rb": [
        1,
        1,
        1,
        null,
        1,
        2,
        2,
        1,
        null,
        1,
        null,
        null,
        2,
        2,
        null,
        null,
        null
      ],
      "/media/tanveer/Windows1/Users/Tanveer/RubymineProjects/PluFund/app/models/unsubscribe.rb": [
        1,
        1,
        null,
        1,
        null,
        1,
        11,
        null,
        null
      ],
      "/media/tanveer/Windows1/Users/Tanveer/RubymineProjects/PluFund/app/controllers/users/backers_controller.rb": [
        1,
        1,
        1,
        1,
        1,
        null,
        1,
        2,
        null,
        null,
        1,
        8,
        4,
        0,
        null,
        2,
        2,
        null,
        null,
        4,
        null,
        null,
        1,
        1,
        1,
        1,
        1,
        null,
        null
      ],
      "/media/tanveer/Windows1/Users/Tanveer/RubymineProjects/PluFund/app/controllers/users/projects_controller.rb": [
        1,
        1,
        1,
        1,
        null,
        1,
        1,
        null,
        null,
        1,
        0,
        null,
        null
      ],
      "/media/tanveer/Windows1/Users/Tanveer/RubymineProjects/PluFund/app/controllers/users_controller.rb": [
        null,
        1,
        1,
        1,
        1,
        1,
        null,
        1,
        0,
        0,
        null,
        null,
        0,
        null,
        null,
        1,
        2,
        2,
        2,
        2,
        2,
        2,
        null,
        null,
        null,
        1,
        2,
        2,
        2,
        null,
        2,
        0,
        null,
        null,
        2,
        null,
        null,
        1,
        5,
        5,
        3,
        null,
        2,
        null,
        5,
        null,
        null
      ],
      "/media/tanveer/Windows1/Users/Tanveer/RubymineProjects/PluFund/app/decorators/channel_decorator.rb": [
        1,
        1,
        null,
        1,
        1,
        null,
        null,
        1,
        1,
        null,
        null,
        1,
        1,
        null,
        null,
        1,
        1,
        2,
        null,
        null
      ],
      "/media/tanveer/Windows1/Users/Tanveer/RubymineProjects/PluFund/app/models/channel.rb": [
        1,
        1,
        1,
        1,
        null,
        1,
        1,
        null,
        2,
        1,
        1,
        null,
        1,
        null,
        1,
        1,
        null,
        3,
        null,
        1,
        1,
        null,
        null,
        1,
        3,
        null,
        null,
        1,
        1,
        null,
        null,
        null,
        2,
        null,
        null,
        1,
        3,
        null,
        null
      ],
      "/media/tanveer/Windows1/Users/Tanveer/RubymineProjects/PluFund/app/uploaders/profile_uploader.rb": [
        null,
        null,
        1,
        null,
        1,
        1,
        1,
        null,
        null,
        null
      ],
      "/media/tanveer/Windows1/Users/Tanveer/RubymineProjects/PluFund/app/decorators/project_decorator.rb": [
        1,
        1,
        1,
        null,
        1,
        1,
        null,
        null,
        1,
        48,
        48,
        51,
        null,
        48,
        null,
        null,
        1,
        4,
        null,
        null,
        1,
        19,
        12,
        null,
        7,
        null,
        null,
        null,
        null,
        1,
        5,
        4,
        3,
        null,
        null,
        1,
        32,
        null,
        null,
        1,
        9,
        3,
        null,
        null,
        null,
        1,
        17,
        null,
        null,
        1,
        7,
        null,
        null,
        1,
        21,
        null,
        null,
        1,
        4,
        4,
        4,
        null,
        null,
        null,
        null,
        1,
        2,
        null,
        1,
        1,
        null,
        null,
        null,
        null,
        1,
        null,
        1,
        32,
        null,
        null,
        1,
        31,
        1,
        30,
        30,
        null,
        null,
        null,
        1,
        51,
        null,
        51,
        48,
        48,
        null,
        null,
        null,
        1,
        48,
        null,
        null
      ],
      "/media/tanveer/Windows1/Users/Tanveer/RubymineProjects/PluFund/app/decorators/reward_decorator.rb": [
        1,
        1,
        1,
        null,
        1,
        0,
        null,
        0,
        null,
        null,
        1,
        0,
        null,
        null,
        1,
        8,
        null,
        null,
        1,
        2,
        null,
        null,
        1,
        0,
        null,
        null,
        1,
        0,
        null,
        null,
        1,
        1,
        1,
        1,
        null,
        null,
        null,
        1,
        1,
        null,
        null
      ],
      "/media/tanveer/Windows1/Users/Tanveer/RubymineProjects/PluFund/app/decorators/user_decorator.rb": [
        1,
        1,
        1,
        null,
        1,
        1,
        0,
        1,
        0,
        null,
        1,
        null,
        null,
        null,
        1,
        0,
        null,
        null,
        1,
        20,
        20,
        null,
        null,
        1,
        174,
        null,
        null,
        1,
        24,
        null,
        null,
        1,
        null,
        null,
        5,
        null,
        null,
        1,
        2,
        null,
        null,
        1,
        1,
        null,
        null,
        1,
        15,
        null,
        null,
        1,
        1,
        null,
        null
      ],
      "/media/tanveer/Windows1/Users/Tanveer/RubymineProjects/PluFund/lib/blog.rb": [
        1,
        1,
        1,
        0,
        0,
        0,
        0,
        null,
        0,
        null,
        null,
        null,
        null,
        null
      ],
      "/media/tanveer/Windows1/Users/Tanveer/RubymineProjects/PluFund/app/mailers/notifications_mailer.rb": [
        1,
        1,
        null,
        1,
        15,
        15,
        15,
        15,
        15,
        15,
        15,
        null,
        null,
        null,
        null,
        null,
        0,
        0,
        null,
        null
      ],
      "/media/tanveer/Windows1/Users/Tanveer/RubymineProjects/PluFund/app/models/ability.rb": [
        null,
        1,
        1,
        null,
        1,
        182,
        null,
        182,
        null,
        null,
        182,
        7,
        null,
        182,
        0,
        null,
        null,
        null,
        182,
        null,
        182,
        45,
        null,
        null,
        182,
        87,
        null,
        null,
        182,
        1,
        null,
        null,
        null,
        null,
        182,
        5,
        null,
        null,
        182,
        11,
        null,
        null,
        182,
        17,
        null,
        null,
        182,
        10,
        null,
        null,
        null,
        182,
        0,
        null,
        null,
        182,
        18,
        null,
        null,
        182,
        0,
        null,
        null,
        null,
        182,
        182,
        null,
        182,
        45,
        null,
        null,
        182,
        1,
        null,
        null,
        null,
        null,
        null,
        182,
        182,
        1,
        null,
        null,
        182,
        0,
        null,
        null,
        182,
        1,
        1,
        1,
        1,
        null,
        null,
        null,
        null,
        182,
        null,
        null
      ],
      "/media/tanveer/Windows1/Users/Tanveer/RubymineProjects/PluFund/app/models/authorization.rb": [
        1,
        1,
        1,
        1,
        null,
        1,
        null,
        11,
        null,
        null,
        1,
        11,
        null,
        null,
        1,
        12,
        12,
        null,
        null
      ],
      "/media/tanveer/Windows1/Users/Tanveer/RubymineProjects/PluFund/app/models/backer_report.rb": [
        1,
        1,
        1,
        null
      ],
      "/media/tanveer/Windows1/Users/Tanveer/RubymineProjects/PluFund/app/models/category.rb": [
        1,
        1,
        1,
        1,
        null,
        1,
        2,
        null,
        null,
        1,
        3,
        null,
        null,
        1,
        11,
        null,
        null
      ],
      "/media/tanveer/Windows1/Users/Tanveer/RubymineProjects/PluFund/app/models/notification.rb": [
        1,
        1,
        1,
        null,
        1,
        null,
        1,
        24,
        null,
        null,
        1,
        null,
        null,
        null,
        null,
        null,
        null,
        18,
        null,
        null,
        1,
        19,
        18,
        null,
        null,
        null,
        1,
        1,
        24,
        null,
        null
      ],
      "/media/tanveer/Windows1/Users/Tanveer/RubymineProjects/PluFund/app/models/project_total.rb": [
        1,
        null
      ],
      "/media/tanveer/Windows1/Users/Tanveer/RubymineProjects/PluFund/app/models/projects_for_home.rb": [
        1,
        1,
        null,
        10,
        10,
        10,
        null,
        1,
        2,
        null,
        null
      ],
      "/media/tanveer/Windows1/Users/Tanveer/RubymineProjects/PluFund/app/models/state.rb": [
        1,
        1,
        1,
        1,
        2,
        1,
        1,
        0,
        null,
        1,
        1,
        null,
        null
      ],
      "/media/tanveer/Windows1/Users/Tanveer/RubymineProjects/PluFund/app/models/statistics.rb": [
        1,
        null
      ],
      "/media/tanveer/Windows1/Users/Tanveer/RubymineProjects/PluFund/app/models/user_total.rb": [
        1,
        1,
        null
      ],
      "/media/tanveer/Windows1/Users/Tanveer/RubymineProjects/PluFund/app/workers/notification_worker.rb": [
        1,
        1,
        1,
        null,
        1,
        14,
        null,
        14,
        null,
        0,
        null,
        null
      ],
      "/media/tanveer/Windows1/Users/Tanveer/RubymineProjects/PluFund/app/workers/project_downloader_worker.rb": [
        1,
        1,
        1,
        null,
        1,
        201,
        null,
        201,
        201,
        null,
        null
      ],
      "/media/tanveer/Windows1/Users/Tanveer/RubymineProjects/PluFund/lib/calendar.rb": [
        1,
        1,
        1,
        null,
        1,
        0,
        0,
        0,
        null,
        null,
        1,
        0,
        0,
        0,
        0,
        null,
        0,
        null,
        null
      ],
      "/media/tanveer/Windows1/Users/Tanveer/RubymineProjects/PluFund/app/controllers/explore_controller.rb": [
        1,
        1,
        2,
        null,
        2,
        null,
        null
      ],
      "/media/tanveer/Windows1/Users/Tanveer/RubymineProjects/PluFund/app/decorators/backer_decorator.rb": [
        1,
        1,
        1,
        null,
        1,
        5,
        null,
        null,
        1,
        1,
        null,
        null,
        null
      ]
    },
    "timestamp": 1386185786
  }
}
