{
  "RSpec": {
    "coverage": {
      "/media/tanveer/Windows1/Users/Tanveer/RubymineProjects/PluFund/lib/payment_engines.rb": [
        1,
        1,
        null,
        1,
        2,
        null,
        null,
        1,
        0,
        null,
        null,
        1,
        0,
        null,
        null,
        1,
        0,
        null,
        null,
        1,
        4,
        null,
        null,
        1,
        0,
        null,
        null
      ],
      "/media/tanveer/Windows1/Users/Tanveer/RubymineProjects/PluFund/app/models/configuration.rb": [
        1,
        1,
        1,
        null,
        null,
        null,
        null,
        null,
        null,
        1,
        146,
        146,
        null,
        0,
        null,
        null,
        1,
        481,
        null,
        1,
        null,
        1,
        213,
        null,
        null,
        1,
        481,
        481,
        null,
        450,
        null,
        481,
        null,
        null,
        null,
        null
      ],
      "/media/tanveer/Windows1/Users/Tanveer/RubymineProjects/PluFund/app/controllers/omniauth_callbacks_controller.rb": [
        1,
        1,
        null,
        1,
        12,
        11,
        10,
        10,
        6,
        6,
        null,
        null,
        10,
        10,
        10,
        10,
        null,
        null,
        null,
        null
      ],
      "/media/tanveer/Windows1/Users/Tanveer/RubymineProjects/PluFund/app/controllers/application_controller.rb": [
        null,
        1,
        1,
        1,
        1,
        null,
        1,
        1,
        null,
        1,
        1,
        null,
        1,
        null,
        1,
        1,
        null,
        1,
        null,
        1,
        2,
        null,
        null,
        1,
        0,
        null,
        null,
        1,
        1,
        16,
        null,
        null,
        1,
        0,
        null,
        null,
        1,
        6,
        6,
        0,
        null,
        null,
        1,
        6,
        6,
        6,
        0,
        0,
        0,
        null,
        null,
        null,
        1,
        4,
        null,
        null,
        1,
        0,
        0,
        null,
        null,
        1,
        0,
        0,
        0,
        null,
        null,
        1,
        16,
        null,
        null,
        1,
        6,
        0,
        null,
        null,
        null,
        1,
        10,
        0,
        null,
        null,
        null,
        1,
        1,
        null,
        null
      ],
      "/media/tanveer/Windows1/Users/Tanveer/RubymineProjects/PluFund/app/controllers/concerns/exception_handler.rb": [
        1,
        1,
        1,
        null,
        1,
        1,
        1,
        1,
        null,
        1,
        0,
        0,
        null,
        0,
        0,
        null,
        0,
        null,
        0,
        null,
        null,
        null,
        null,
        1,
        0,
        0,
        0,
        0,
        null,
        null,
        null,
        null,
        null
      ],
      "/media/tanveer/Windows1/Users/Tanveer/RubymineProjects/PluFund/app/controllers/concerns/menu_handler.rb": [
        1,
        1,
        1,
        null,
        1,
        1,
        1,
        null,
        1,
        3,
        null,
        null,
        1,
        3,
        null,
        null,
        1,
        0,
        0,
        0,
        null,
        null,
        null,
        null,
        null,
        null
      ],
      "/media/tanveer/Windows1/Users/Tanveer/RubymineProjects/PluFund/app/controllers/concerns/social_helpers_handler.rb": [
        1,
        1,
        1,
        1,
        null,
        null,
        null,
        1,
        1,
        null,
        1,
        16,
        null,
        null,
        null,
        1,
        0,
        null,
        null,
        1,
        0,
        null,
        0,
        null,
        0,
        null,
        null,
        null,
        1,
        0,
        null,
        null,
        1,
        0,
        null,
        null,
        1,
        0,
        null,
        null,
        1,
        0,
        0,
        null,
        null,
        null,
        null,
        null,
        null,
        null,
        null
      ],
      "/media/tanveer/Windows1/Users/Tanveer/RubymineProjects/PluFund/lib/uservoice_sso.rb": [
        1,
        1,
        1,
        1,
        null,
        1,
        1,
        1,
        null,
        1,
        0,
        null,
        0,
        0,
        0,
        null,
        0,
        null,
        null,
        null
      ],
      "/media/tanveer/Windows1/Users/Tanveer/RubymineProjects/PluFund/app/models/oauth_provider.rb": [
        1,
        null,
        null,
        null,
        1,
        null
      ],
      "/media/tanveer/Windows1/Users/Tanveer/RubymineProjects/PluFund/app/observers/backer_observer.rb": [
        1,
        1,
        null,
        1,
        61,
        61,
        null,
        null,
        1,
        204,
        204,
        null,
        null,
        1,
        204,
        12,
        null,
        null,
        null,
        null,
        null,
        null,
        null,
        null,
        1,
        0,
        null,
        null,
        1,
        0,
        0,
        0,
        null,
        null,
        null,
        null,
        null,
        null,
        null,
        null,
        1,
        1,
        1,
        1,
        null,
        null,
        null,
        null,
        null,
        null,
        null,
        1,
        0,
        null,
        null,
        null,
        null,
        null,
        null,
        null,
        null,
        null,
        1,
        0,
        null,
        null,
        null,
        null,
        null,
        null,
        null,
        null,
        null
      ],
      "/media/tanveer/Windows1/Users/Tanveer/RubymineProjects/PluFund/app/models/backer.rb": [
        null,
        1,
        1,
        null,
        1,
        1,
        1,
        null,
        1,
        null,
        1,
        1,
        null,
        1,
        1,
        1,
        1,
        1,
        1,
        1,
        1,
        1,
        1,
        1,
        1,
        1,
        null,
        1,
        null,
        null,
        1,
        null,
        1,
        null,
        1,
        0,
        0,
        null,
        null,
        1,
        0,
        null,
        null,
        1,
        0,
        null,
        null,
        1,
        0,
        null,
        null,
        1,
        0,
        0,
        null,
        null,
        1,
        0,
        null,
        null,
        1,
        0,
        null,
        null,
        1,
        0,
        0,
        0,
        0,
        0,
        0,
        0,
        0,
        null,
        null,
        1,
        0,
        null,
        null,
        null,
        null,
        null,
        null,
        null,
        null,
        null,
        null,
        null,
        null,
        1,
        0,
        null,
        null,
        null,
        null,
        1,
        61,
        null,
        null,
        1,
        61,
        null,
        null
      ],
      "/media/tanveer/Windows1/Users/Tanveer/RubymineProjects/PluFund/app/models/concerns/shared/state_machine_helpers.rb": [
        1,
        1,
        1,
        1,
        null,
        1,
        2,
        null,
        0,
        0,
        null,
        null,
        null,
        null
      ],
      "/media/tanveer/Windows1/Users/Tanveer/RubymineProjects/PluFund/app/models/concerns/backer/state_machine_handler.rb": [
        1,
        1,
        null,
        1,
        1,
        1,
        1,
        1,
        1,
        1,
        1,
        1,
        1,
        null,
        1,
        1,
        null,
        null,
        1,
        1,
        null,
        null,
        1,
        1,
        null,
        null,
        1,
        1,
        null,
        null,
        1,
        1,
        null,
        null,
        1,
        1,
        3,
        null,
        null,
        null,
        1,
        1,
        null,
        null,
        1,
        1,
        null,
        null,
        1,
        1,
        null,
        null,
        1,
        0,
        null,
        null,
        1,
        1,
        null,
        null,
        null
      ],
      "/media/tanveer/Windows1/Users/Tanveer/RubymineProjects/PluFund/app/models/concerns/backer/custom_validators.rb": [
        1,
        1,
        null,
        1,
        1,
        1,
        1,
        1,
        null,
        1,
        204,
        0,
        null,
        null,
        1,
        204,
        0,
        null,
        null,
        1,
        61,
        0,
        null,
        null,
        1,
        61,
        0,
        null,
        null,
        null,
        null
      ],
      "/media/tanveer/Windows1/Users/Tanveer/RubymineProjects/PluFund/app/observers/user_observer.rb": [
        1,
        1,
        null,
        1,
        172,
        null,
        null,
        1,
        1,
        null,
        null,
        1,
        183,
        183,
        null,
        null
      ],
      "/media/tanveer/Windows1/Users/Tanveer/RubymineProjects/PluFund/app/models/user.rb": [
        null,
        1,
        null,
        null,
        null,
        1,
        null,
        1,
        null,
        1,
        null,
        0,
        null,
        null,
        183,
        183,
        0,
        null,
        null,
        0,
        null,
        null,
        1,
        null,
        null,
        null,
        1,
        null,
        null,
        null,
        null,
        1,
        null,
        1,
        null,
        1,
        1,
        1,
        null,
        1,
        1,
        1,
        null,
        1,
        1,
        1,
        1,
        1,
        null,
        null,
        null,
        1,
        null,
        1,
        null,
        1,
        0,
        null,
        null,
        null,
        null,
        null,
        1,
        1,
        null,
        null,
        1,
        0,
        null,
        null,
        null,
        null,
        null,
        1,
        null,
        0,
        null,
        null,
        2,
        1,
        1,
        null,
        null,
        null,
        null,
        null,
        2,
        2,
        2,
        5,
        1,
        2,
        null,
        1,
        null,
        1,
        0,
        0,
        null,
        null,
        null,
        null,
        null,
        null,
        null,
        1,
        null,
        null,
        null,
        null,
        null,
        null,
        null,
        null,
        null,
        15,
        null,
        null,
        1,
        0,
        0,
        null,
        null,
        1,
        1,
        null,
        null,
        1,
        1,
        null,
        null,
        1,
        1,
        null,
        null,
        1,
        2,
        2,
        null,
        null,
        1,
        0,
        0,
        null,
        null,
        1,
        8,
        null,
        null,
        null,
        null,
        8,
        null,
        null,
        null,
        null,
        null,
        null,
        1,
        0,
        null,
        null,
        1,
        2,
        null,
        null,
        1,
        1,
        1,
        null,
        null,
        null,
        1,
        2,
        null,
        null,
        1,
        183,
        null,
        null,
        1,
        183,
        4,
        null,
        null,
        null,
        1,
        172,
        null,
        null,
        1,
        172,
        null,
        null,
        null
      ],
      "/media/tanveer/Windows1/Users/Tanveer/RubymineProjects/PluFund/app/uploaders/user_uploader.rb": [
        null,
        null,
        1,
        null,
        1,
        null,
        1,
        1,
        1,
        null,
        null,
        null
      ],
      "/media/tanveer/Windows1/Users/Tanveer/RubymineProjects/PluFund/app/uploaders/image_uploader.rb": [
        null,
        null,
        1,
        1,
        null,
        1,
        32,
        null,
        null,
        1,
        1,
        null,
        null,
        1,
        null,
        1,
        0,
        null,
        null,
        1,
        32,
        null,
        null,
        null
      ],
      "/media/tanveer/Windows1/Users/Tanveer/RubymineProjects/PluFund/app/observers/update_observer.rb": [
        1,
        1,
        null,
        1,
        0,
        null,
        null
      ],
      "/media/tanveer/Windows1/Users/Tanveer/RubymineProjects/PluFund/app/models/update.rb": [
        1,
        1,
        null,
        1,
        1,
        1,
        null,
        1,
        null,
        1,
        null,
        1,
        0,
        null,
        0,
        null,
        0,
        null,
        null,
        null,
        null,
        null,
        null,
        null,
        1,
        0,
        null,
        null,
        1,
        0,
        0,
        null,
        null,
        null,
        null,
        null,
        0,
        0,
        0,
        null,
        null,
        null,
        1,
        0,
        0,
        null,
        null,
        null,
        null,
        null,
        null,
        null,
        null,
        null,
        null,
        null,
        null,
        null,
        null
      ],
      "/media/tanveer/Windows1/Users/Tanveer/RubymineProjects/PluFund/lib/catarse_auto_html.rb": [
        1,
        1,
        0,
        0,
        0,
        null,
        null,
        null,
        1,
        3,
        103,
        null,
        null,
        null,
        null,
        103,
        103,
        103,
        103,
        103,
        null,
        null,
        null
      ],
      "/media/tanveer/Windows1/Users/Tanveer/RubymineProjects/PluFund/app/observers/project_observer.rb": [
        1,
        1,
        null,
        1,
        103,
        67,
        null,
        null,
        null,
        1,
        1,
        null,
        null,
        1,
        1,
        1,
        null,
        null,
        null,
        null,
        null,
        null,
        null,
        null,
        null,
        null,
        null,
        null,
        1,
        null,
        1,
        null,
        null,
        1,
        1,
        null,
        null,
        null,
        null,
        null,
        null,
        null,
        null,
        null,
        null,
        1,
        4,
        null,
        null,
        null,
        null,
        null,
        null,
        null,
        null,
        4,
        4,
        null,
        null,
        1,
        6,
        1,
        null,
        null,
        null,
        null,
        null,
        null,
        null,
        null,
        null,
        null,
        1,
        2,
        null,
        null,
        1,
        4,
        4,
        null,
        null,
        1,
        3,
        null,
        3,
        0,
        null,
        null,
        null,
        null,
        null,
        null,
        null,
        3,
        null,
        null,
        null,
        null,
        null,
        null,
        null,
        null,
        null,
        null,
        1,
        2,
        2,
        null,
        null,
        1,
        7,
        4,
        4,
        4,
        null,
        null,
        null,
        null,
        null,
        4,
        null,
        null,
        null,
        null,
        1,
        7,
        7,
        7,
        null,
        7,
        4,
        null,
        null,
        7,
        3,
        null,
        0,
        0,
        null,
        null,
        null,
        1,
        null,
        1,
        8,
        null,
        null,
        null,
        null,
        null,
        null,
        null,
        null,
        null,
        null,
        null,
        null
      ],
      "/media/tanveer/Windows1/Users/Tanveer/RubymineProjects/PluFund/app/models/project.rb": [
        null,
        1,
        1,
        null,
        1,
        null,
        1,
        1,
        null,
        1,
        1,
        1,
        1,
        null,
        1,
        null,
        1,
        null,
        null,
        null,
        1,
        1,
        1,
        1,
        null,
        1,
        null,
        1,
        null,
        null,
        null,
        null,
        null,
        null,
        null,
        null,
        null,
        2,
        1,
        null,
        1,
        1,
        1,
        1,
        1,
        1,
        1,
        1,
        1,
        1,
        1,
        1,
        1,
        5,
        1,
        1,
        1,
        5,
        2,
        2,
        1,
        1,
        null,
        null,
        null,
        null,
        null,
        null,
        1,
        0,
        null,
        null,
        null,
        null,
        null,
        null,
        null,
        null,
        1,
        2,
        null,
        null,
        1,
        0,
        null,
        null,
        1,
        0,
        null,
        null,
        1,
        null,
        1,
        null,
        104,
        1,
        1,
        1,
        1,
        1,
        1,
        null,
        1,
        4,
        0,
        null,
        null,
        null,
        1,
        0,
        null,
        null,
        1,
        0,
        0,
        null,
        null,
        1,
        0,
        null,
        null,
        1,
        0,
        null,
        null,
        1,
        11,
        null,
        null,
        1,
        212,
        null,
        null,
        1,
        0,
        null,
        null,
        1,
        0,
        null,
        null,
        1,
        0,
        null,
        null,
        1,
        212,
        null,
        null,
        1,
        5,
        null,
        null,
        1,
        4,
        null,
        null,
        1,
        0,
        0,
        null,
        null,
        1,
        2,
        null,
        null,
        1,
        2,
        null,
        null,
        1,
        1,
        1,
        null,
        null,
        1,
        35,
        null,
        null,
        1,
        9,
        null,
        null,
        1,
        4,
        null,
        null,
        1,
        1,
        0,
        0,
        null,
        null,
        1,
        105,
        13440,
        null,
        105,
        null,
        null
      ],
      "/media/tanveer/Windows1/Users/Tanveer/RubymineProjects/PluFund/app/models/concerns/project/state_machine_handler.rb": [
        1,
        1,
        null,
        1,
        null,
        1,
        1,
        1,
        1,
        1,
        1,
        1,
        1,
        1,
        null,
        1,
        1,
        null,
        null,
        1,
        1,
        null,
        null,
        1,
        1,
        null,
        null,
        1,
        1,
        null,
        null,
        1,
        1,
        null,
        null,
        1,
        1,
        2,
        null,
        null,
        1,
        1,
        null,
        null,
        1,
        6,
        null,
        null,
        1,
        2,
        null,
        null,
        1,
        0,
        null,
        null,
        null,
        1,
        15,
        null,
        null,
        1,
        7,
        null,
        null,
        1,
        0,
        null,
        null,
        null,
        null,
        null
      ],
      "/media/tanveer/Windows1/Users/Tanveer/RubymineProjects/PluFund/app/models/concerns/project/video_handler.rb": [
        1,
        1,
        null,
        1,
        1,
        null,
        1,
        null,
        1,
        0,
        null,
        null,
        1,
        0,
        0,
        null,
        0,
        null,
        null,
        1,
        0,
        0,
        null,
        null,
        1,
        0,
        null,
        null,
        null
      ],
      "/media/tanveer/Windows1/Users/Tanveer/RubymineProjects/PluFund/app/uploaders/project_uploader.rb": [
        null,
        null,
        1,
        null,
        1,
        1,
        1,
        null,
        1,
        17,
        null,
        null,
        1,
        1,
        1,
        null,
        null,
        1,
        1,
        1,
        null,
        null,
        null,
        1,
        1,
        1,
        null,
        null,
        null
      ],
      "/media/tanveer/Windows1/Users/Tanveer/RubymineProjects/PluFund/app/models/concerns/project/custom_validators.rb": [
        1,
        1,
        null,
        1,
        1,
        null,
        1,
        105,
        null,
        null,
        1,
        103,
        null,
        null,
        null
      ],
      "/media/tanveer/Windows1/Users/Tanveer/RubymineProjects/PluFund/app/observers/payment_notification_observer.rb": [
        1,
        1,
        null,
        1,
        7,
        4,
        0,
        null,
        null,
        null,
        null,
        null,
        null,
        null,
        null,
        null
      ],
      "/media/tanveer/Windows1/Users/Tanveer/RubymineProjects/PluFund/app/models/payment_notification.rb": [
        1,
        1,
        1,
        null
      ],
      "/media/tanveer/Windows1/Users/Tanveer/RubymineProjects/PluFund/app/controllers/admin/backers_controller.rb": [
        1,
        1,
        1,
        1,
        1,
        null,
        1,
        1,
        6,
        0,
        0,
        0,
        null,
        null,
        null,
        1,
        null,
        1,
        0,
        0,
        0,
        null,
        null,
        1,
        1,
        0,
        null,
        null,
        1,
        0,
        null,
        null
      ],
      "/media/tanveer/Windows1/Users/Tanveer/RubymineProjects/PluFund/app/controllers/admin/base_controller.rb": [
        1,
        1,
        1,
        1,
        null,
        null,
        1,
        0,
        0,
        0,
        null,
        0,
        0,
        null,
        null,
        null,
        null
      ],
      "/media/tanveer/Windows1/Users/Tanveer/RubymineProjects/PluFund/app/controllers/admin/users_controller.rb": [
        1,
        1,
        1,
        1,
        1,
        null,
        1,
        null,
        1,
        1,
        0,
        0,
        0,
        0,
        0,
        null,
        null,
        1,
        0,
        null,
        null,
        1,
        0,
        null,
        null,
        null
      ],
      "/media/tanveer/Windows1/Users/Tanveer/RubymineProjects/PluFund/app/controllers/channels/admin/reports/subscriber_reports_controller.rb": [
        1,
        1,
        1,
        1,
        null,
        null
      ],
      "/media/tanveer/Windows1/Users/Tanveer/RubymineProjects/PluFund/app/controllers/admin/reports/base_controller.rb": [
        1,
        1,
        1,
        1,
        1,
        null
      ],
      "/media/tanveer/Windows1/Users/Tanveer/RubymineProjects/PluFund/app/models/subscriber_report.rb": [
        1,
        1,
        1,
        null
      ],
      "/media/tanveer/Windows1/Users/Tanveer/RubymineProjects/PluFund/app/controllers/channels/base_controller.rb": [
        1,
        1,
        1,
        0,
        null,
        null
      ],
      "/media/tanveer/Windows1/Users/Tanveer/RubymineProjects/PluFund/app/controllers/channels/channels_subscribers_controller.rb": [
        1,
        1,
        1,
        1,
        null,
        null,
        1,
        0,
        0,
        0,
        0,
        0,
        null,
        null,
        null,
        0,
        null,
        null,
        1,
        0,
        0,
        0,
        null,
        null,
        null,
        1,
        0,
        null,
        null,
        1,
        1,
        0,
        null,
        null,
        null
      ],
      "/media/tanveer/Windows1/Users/Tanveer/RubymineProjects/PluFund/app/models/channels_subscriber.rb": [
        1,
        1,
        1,
        1,
        null
      ],
      "/media/tanveer/Windows1/Users/Tanveer/RubymineProjects/PluFund/app/controllers/channels/profiles_controller.rb": [
        1,
        1,
        1,
        1,
        1,
        1,
        null,
        1,
        0,
        null,
        null,
        1,
        0,
        null,
        null
      ],
      "/media/tanveer/Windows1/Users/Tanveer/RubymineProjects/PluFund/app/controllers/projects/backers_controller.rb": [
        1,
        1,
        1,
        1,
        1,
        1,
        1,
        1,
        1,
        1,
        1,
        null,
        1,
        0,
        0,
        0,
        null,
        null,
        1,
        0,
        null,
        null,
        1,
        0,
        null,
        null,
        1,
        0,
        0,
        0,
        null,
        null,
        0,
        null,
        null,
        null,
        0,
        0,
        0,
        0,
        null,
        null,
        0,
        0,
        0,
        null,
        null,
        null,
        1,
        0,
        0,
        0,
        0,
        0,
        0,
        0,
        null,
        0,
        0,
        0,
        0,
        0,
        null,
        null,
        0,
        null,
        null,
        1,
        0,
        0,
        0,
        null,
        null,
        0,
        0,
        0,
        null,
        0,
        0,
        null,
        null,
        1,
        1,
        0,
        null,
        null
      ],
      "/media/tanveer/Windows1/Users/Tanveer/RubymineProjects/PluFund/app/controllers/projects/updates_controller.rb": [
        1,
        1,
        1,
        null,
        1,
        1,
        null,
        1,
        0,
        null,
        null,
        1,
        0,
        null,
        null,
        1,
        0,
        0,
        null,
        null,
        1,
        0,
        null,
        null,
        1,
        0,
        null,
        null
      ],
      "/media/tanveer/Windows1/Users/Tanveer/RubymineProjects/PluFund/app/controllers/projects_controller.rb": [
        null,
        1,
        1,
        1,
        1,
        1,
        null,
        1,
        1,
        null,
        1,
        0,
        0,
        0,
        0,
        0,
        null,
        0,
        0,
        0,
        null,
        0,
        null,
        null,
        0,
        0,
        0,
        0,
        null,
        null,
        null,
        null,
        null,
        1,
        0,
        0,
        0,
        null,
        null,
        null,
        1,
        0,
        null,
        0,
        null,
        null,
        1,
        0,
        0,
        0,
        null,
        null,
        1,
        0,
        null,
        null,
        1,
        0,
        0,
        0,
        0,
        null,
        null,
        1,
        0,
        0,
        null,
        0,
        null,
        null,
        1,
        2,
        0,
        0,
        null,
        null,
        null,
        1,
        0,
        0,
        null,
        null,
        1,
        null,
        1,
        0,
        null,
        null
      ],
      "/media/tanveer/Windows1/Users/Tanveer/RubymineProjects/PluFund/app/controllers/rewards_controller.rb": [
        1,
        1,
        1,
        1,
        1,
        null,
        1,
        0,
        null,
        null,
        1,
        0,
        null,
        null,
        1,
        0,
        null,
        null,
        1,
        0,
        null,
        null,
        1,
        0,
        null,
        null,
        1,
        0,
        null,
        null,
        1,
        0,
        null,
        0,
        null,
        null
      ],
      "/media/tanveer/Windows1/Users/Tanveer/RubymineProjects/PluFund/app/models/reward.rb": [
        null,
        1,
        1,
        1,
        null,
        1,
        1,
        null,
        1,
        1,
        null,
        1,
        1,
        1,
        1,
        1,
        null,
        1,
        null,
        1,
        3,
        null,
        null,
        1,
        0,
        null,
        null,
        1,
        1,
        null,
        null,
        1,
        1,
        null,
        null,
        1,
        0,
        0,
        null,
        null
      ],
      "/media/tanveer/Windows1/Users/Tanveer/RubymineProjects/PluFund/app/controllers/static_controller.rb": [
        1,
        1,
        3,
        null,
        null,
        1,
        0,
        null,
        null,
        1,
        0,
        null,
        null,
        1,
        1,
        1,
        null,
        null,
        1,
        null,
        1,
        1,
        1,
        1,
        null,
        null,
        null
      ],
      "/media/tanveer/Windows1/Users/Tanveer/RubymineProjects/PluFund/app/controllers/unsubscribes_controller.rb": [
        1,
        1,
        1,
        null,
        1,
        0,
        0,
        0,
        null,
        0,
        null,
        null,
        0,
        0,
        null,
        null,
        null
      ],
      "/media/tanveer/Windows1/Users/Tanveer/RubymineProjects/PluFund/app/models/unsubscribe.rb": [
        1,
        1,
        null,
        1,
        null,
        1,
        3,
        null,
        null
      ],
      "/media/tanveer/Windows1/Users/Tanveer/RubymineProjects/PluFund/app/controllers/users/backers_controller.rb": [
        1,
        1,
        1,
        1,
        1,
        null,
        1,
        0,
        null,
        null,
        1,
        0,
        0,
        0,
        null,
        0,
        0,
        null,
        null,
        0,
        null,
        null,
        1,
        1,
        0,
        0,
        0,
        null,
        null
      ],
      "/media/tanveer/Windows1/Users/Tanveer/RubymineProjects/PluFund/app/controllers/users/projects_controller.rb": [
        1,
        1,
        1,
        1,
        null,
        1,
        0,
        null,
        null,
        1,
        0,
        null,
        null
      ],
      "/media/tanveer/Windows1/Users/Tanveer/RubymineProjects/PluFund/app/controllers/users_controller.rb": [
        null,
        1,
        1,
        1,
        1,
        1,
        null,
        1,
        0,
        0,
        null,
        null,
        0,
        null,
        null,
        1,
        0,
        0,
        0,
        0,
        0,
        0,
        null,
        null,
        null,
        1,
        0,
        0,
        0,
        null,
        0,
        0,
        null,
        null,
        0,
        null,
        null,
        1,
        0,
        0,
        0,
        null,
        0,
        null,
        0,
        null,
        null
      ],
      "/media/tanveer/Windows1/Users/Tanveer/RubymineProjects/PluFund/app/decorators/channel_decorator.rb": [
        1,
        1,
        null,
        1,
        0,
        null,
        null,
        1,
        0,
        null,
        null,
        1,
        0,
        null,
        null,
        1,
        1,
        0,
        null,
        null
      ],
      "/media/tanveer/Windows1/Users/Tanveer/RubymineProjects/PluFund/app/models/channel.rb": [
        1,
        1,
        1,
        1,
        null,
        1,
        1,
        null,
        1,
        1,
        1,
        null,
        1,
        null,
        1,
        1,
        null,
        1,
        null,
        1,
        0,
        null,
        null,
        1,
        0,
        null,
        null,
        1,
        0,
        null,
        null,
        null,
        1,
        null,
        null,
        1,
        0,
        null,
        null
      ],
      "/media/tanveer/Windows1/Users/Tanveer/RubymineProjects/PluFund/app/uploaders/profile_uploader.rb": [
        null,
        null,
        1,
        null,
        1,
        1,
        1,
        null,
        null,
        null
      ],
      "/media/tanveer/Windows1/Users/Tanveer/RubymineProjects/PluFund/app/decorators/project_decorator.rb": [
        1,
        1,
        1,
        null,
        1,
        0,
        null,
        null,
        1,
        0,
        0,
        0,
        null,
        0,
        null,
        null,
        1,
        0,
        null,
        null,
        1,
        0,
        0,
        null,
        0,
        null,
        null,
        null,
        null,
        1,
        0,
        0,
        0,
        null,
        null,
        1,
        0,
        null,
        null,
        1,
        0,
        0,
        null,
        null,
        null,
        1,
        0,
        null,
        null,
        1,
        0,
        null,
        null,
        1,
        0,
        null,
        null,
        1,
        0,
        0,
        0,
        null,
        null,
        null,
        null,
        1,
        0,
        null,
        0,
        0,
        null,
        null,
        null,
        null,
        1,
        null,
        1,
        0,
        null,
        null,
        1,
        0,
        0,
        0,
        0,
        null,
        null,
        null,
        1,
        0,
        null,
        0,
        0,
        0,
        null,
        null,
        null,
        1,
        0,
        null,
        null
      ],
      "/media/tanveer/Windows1/Users/Tanveer/RubymineProjects/PluFund/app/decorators/reward_decorator.rb": [
        1,
        1,
        1,
        null,
        1,
        0,
        null,
        0,
        null,
        null,
        1,
        0,
        null,
        null,
        1,
        1,
        null,
        null,
        1,
        1,
        null,
        null,
        1,
        0,
        null,
        null,
        1,
        0,
        null,
        null,
        1,
        0,
        0,
        0,
        null,
        null,
        null,
        1,
        1,
        null,
        null
      ],
      "/media/tanveer/Windows1/Users/Tanveer/RubymineProjects/PluFund/app/decorators/user_decorator.rb": [
        1,
        1,
        1,
        null,
        1,
        0,
        0,
        0,
        0,
        null,
        0,
        null,
        null,
        null,
        1,
        0,
        null,
        null,
        1,
        0,
        0,
        null,
        null,
        1,
        1,
        null,
        null,
        1,
        0,
        null,
        null,
        1,
        null,
        null,
        0,
        null,
        null,
        1,
        0,
        null,
        null,
        1,
        0,
        null,
        null,
        1,
        0,
        null,
        null,
        1,
        0,
        null,
        null
      ],
      "/media/tanveer/Windows1/Users/Tanveer/RubymineProjects/PluFund/lib/blog.rb": [
        1,
        1,
        1,
        0,
        0,
        0,
        0,
        null,
        0,
        null,
        null,
        null,
        null,
        null
      ],
      "/media/tanveer/Windows1/Users/Tanveer/RubymineProjects/PluFund/app/mailers/notifications_mailer.rb": [
        1,
        1,
        null,
        1,
        0,
        0,
        0,
        0,
        0,
        0,
        0,
        null,
        null,
        null,
        null,
        null,
        0,
        0,
        null,
        null
      ],
      "/media/tanveer/Windows1/Users/Tanveer/RubymineProjects/PluFund/app/models/ability.rb": [
        null,
        1,
        1,
        null,
        1,
        1,
        null,
        1,
        null,
        null,
        1,
        0,
        null,
        1,
        0,
        null,
        null,
        null,
        1,
        null,
        1,
        0,
        null,
        null,
        1,
        0,
        null,
        null,
        1,
        0,
        null,
        null,
        null,
        null,
        1,
        0,
        null,
        null,
        1,
        0,
        null,
        null,
        1,
        0,
        null,
        null,
        1,
        0,
        null,
        null,
        null,
        1,
        0,
        null,
        null,
        1,
        0,
        null,
        null,
        1,
        0,
        null,
        null,
        null,
        1,
        1,
        null,
        1,
        0,
        null,
        null,
        1,
        0,
        null,
        null,
        null,
        null,
        null,
        1,
        1,
        0,
        null,
        null,
        1,
        0,
        null,
        null,
        1,
        1,
        1,
        1,
        1,
        null,
        null,
        null,
        null,
        1,
        null,
        null
      ],
      "/media/tanveer/Windows1/Users/Tanveer/RubymineProjects/PluFund/app/models/authorization.rb": [
        1,
        1,
        1,
        1,
        null,
        1,
        null,
        11,
        null,
        null,
        1,
        11,
        null,
        null,
        1,
        12,
        12,
        null,
        null
      ],
      "/media/tanveer/Windows1/Users/Tanveer/RubymineProjects/PluFund/app/models/backer_report.rb": [
        1,
        1,
        1,
        null
      ],
      "/media/tanveer/Windows1/Users/Tanveer/RubymineProjects/PluFund/app/models/category.rb": [
        1,
        1,
        1,
        1,
        null,
        1,
        0,
        null,
        null,
        1,
        0,
        null,
        null,
        1,
        0,
        null,
        null
      ],
      "/media/tanveer/Windows1/Users/Tanveer/RubymineProjects/PluFund/app/models/notification.rb": [
        1,
        1,
        1,
        null,
        1,
        null,
        1,
        24,
        null,
        null,
        1,
        null,
        null,
        null,
        null,
        null,
        null,
        16,
        null,
        null,
        1,
        16,
        16,
        null,
        null,
        null,
        1,
        1,
        24,
        null,
        null
      ],
      "/media/tanveer/Windows1/Users/Tanveer/RubymineProjects/PluFund/app/models/project_total.rb": [
        1,
        null
      ],
      "/media/tanveer/Windows1/Users/Tanveer/RubymineProjects/PluFund/app/models/projects_for_home.rb": [
        1,
        1,
        null,
        1,
        1,
        1,
        null,
        1,
        0,
        null,
        null
      ],
      "/media/tanveer/Windows1/Users/Tanveer/RubymineProjects/PluFund/app/models/state.rb": [
        1,
        1,
        1,
        1,
        0,
        0,
        0,
        0,
        null,
        0,
        0,
        null,
        null
      ],
      "/media/tanveer/Windows1/Users/Tanveer/RubymineProjects/PluFund/app/models/statistics.rb": [
        1,
        null
      ],
      "/media/tanveer/Windows1/Users/Tanveer/RubymineProjects/PluFund/app/models/user_total.rb": [
        1,
        1,
        null
      ],
      "/media/tanveer/Windows1/Users/Tanveer/RubymineProjects/PluFund/app/workers/notification_worker.rb": [
        1,
        1,
        1,
        null,
        1,
        0,
        null,
        0,
        null,
        0,
        null,
        null
      ],
      "/media/tanveer/Windows1/Users/Tanveer/RubymineProjects/PluFund/app/workers/project_downloader_worker.rb": [
        1,
        1,
        1,
        null,
        1,
        0,
        null,
        0,
        0,
        null,
        null
      ],
      "/media/tanveer/Windows1/Users/Tanveer/RubymineProjects/PluFund/lib/calendar.rb": [
        1,
        1,
        1,
        null,
        1,
        0,
        0,
        0,
        null,
        null,
        1,
        0,
        0,
        0,
        0,
        null,
        0,
        null,
        null
      ]
    },
    "timestamp": 1385570529
  }
}
